2020-04-28 14:15:29  [training.Session2] (main:) Chrome is lauched
2020-04-28 14:15:33  [training.Session2] (main:) Chrome window is maximized
2020-04-28 14:15:54  [training.Session2] (main:) checkbox is selected
2020-04-28 14:16:00  [training.Session2] (main:) Screenshots are taken
2020-04-28 15:13:13  [training.Session2] (main:) Chrome is lauched
2020-04-28 15:13:15  [training.Session2] (main:) Chrome window is maximized
2020-04-28 15:13:30  [training.Session2] (main:) checkbox is selected
2020-04-28 15:13:35  [training.Session2] (main:) Screenshots are taken
2020-04-28 17:47:54  [training.Session2] (main:) Chrome is lauched
2020-04-28 17:47:57  [training.Session2] (main:) Chrome window is maximized
2020-04-28 17:48:12  [training.Session2] (main:) checkbox is selected
2020-04-28 17:48:17  [training.Session2] (main:) Screenshots are taken
2020-04-29 11:08:31  [training.Facebook] (main:) Chrome is lauched
2020-04-29 11:08:32  [training.Facebook] (main:) Chrome window is maximized
2020-04-29 13:47:44  [training.Facebook] (main:) Chrome is lauched
2020-04-29 13:47:47  [training.Facebook] (main:) Chrome window is maximized
2020-04-29 13:48:55  [training.Facebook] (main:) Chrome is lauched
2020-04-29 13:48:58  [training.Facebook] (main:) Chrome window is maximized
2020-04-29 13:57:40  [training.Facebook] (main:) Chrome is lauched
2020-04-29 13:57:42  [training.Facebook] (main:) Chrome window is maximized
2020-04-29 13:57:48  [training.Facebook] (main:) First name is entered
2020-04-29 13:57:49  [training.Facebook] (main:) Surname is entered
2020-04-29 14:01:56  [training.Facebook] (main:) ************************************************
2020-04-29 14:01:56  [training.Facebook] (main:) Chrome is lauched
2020-04-29 14:01:58  [training.Facebook] (main:) Chrome window is maximized
2020-04-29 14:02:02  [training.Facebook] (main:) First name is entered
2020-04-29 14:02:02  [training.Facebook] (main:) Surname is entered
2020-04-29 14:02:03  [training.Facebook] (main:) phone number is netered
2020-04-29 14:02:04  [training.Facebook] (main:) password is entered
2020-04-29 14:04:58  [training.Facebook] (main:) ************************************************
2020-04-29 14:04:58  [training.Facebook] (main:) Chrome is lauched
2020-04-29 14:04:59  [training.Facebook] (main:) Chrome window is maximized
2020-04-29 14:05:04  [training.Facebook] (main:) First name is entered
2020-04-29 14:05:04  [training.Facebook] (main:) Surname is entered
2020-04-29 14:05:05  [training.Facebook] (main:) phone number is netered
2020-04-29 14:05:06  [training.Facebook] (main:) password is entered
2020-04-29 14:06:23  [pages.ProjectMethods] (main:) **************************
2020-04-29 14:06:23  [pages.ProjectMethods] (main:) BigBasket website has been launched
2020-04-29 14:06:44  [pages.ProjectMethods] (main:) search input is provided
2020-04-29 14:07:08  [pages.ProjectMethods] (main:) Search icon is clicked
2020-04-29 14:07:12  [pages.ProjectMethods] (main:) Drop down is clicked
2020-04-29 14:07:14  [pages.ProjectMethods] (main:) dropdown value is selected
2020-04-29 14:09:26  [pages.ProjectMethods] (main:) **************************
2020-04-29 14:09:26  [pages.ProjectMethods] (main:) BigBasket website has been launched
2020-04-29 14:09:45  [pages.ProjectMethods] (main:) search input is provided
2020-04-29 14:10:04  [pages.ProjectMethods] (main:) Search icon is clicked
2020-04-29 14:10:09  [pages.ProjectMethods] (main:) Drop down is clicked
2020-04-29 14:10:13  [pages.ProjectMethods] (main:) dropdown value is selected
2020-04-29 14:10:22  [pages.ProjectMethods] (main:) checkbox is clicked
2020-04-29 14:57:52  [pages.ProjectMethods] (main:) **************************
2020-04-29 14:57:52  [pages.ProjectMethods] (main:) BigBasket website has been launched
2020-04-29 14:58:16  [pages.ProjectMethods] (main:) search input is provided
2020-04-29 14:58:51  [pages.ProjectMethods] (main:) Search icon is clicked
2020-04-29 14:59:01  [pages.ProjectMethods] (main:) Drop down is clicked
2020-04-29 14:59:06  [pages.ProjectMethods] (main:) dropdown value is selected
2020-04-29 14:59:26  [pages.ProjectMethods] (main:) checkbox is clicked
2020-04-29 15:04:47  [training.Facebook] (main:) ************************************************
2020-04-29 15:04:47  [training.Facebook] (main:) Chrome is lauched
2020-04-29 15:04:51  [training.Facebook] (main:) Chrome window is maximized
2020-04-29 15:05:05  [training.Facebook] (main:) First name is entered
2020-04-29 15:05:09  [training.Facebook] (main:) Surname is entered
2020-04-29 15:05:14  [training.Facebook] (main:) phone number is netered
2020-04-29 15:05:16  [training.Facebook] (main:) password is entered
